app/build/outputs/logs/manifest-merger-debug-report.txt
-- Merging decision tree log ---
manifest
ADDED from src\main\AndroidManifest.xml:2:1-115:12
	package
		ADDED from src\main\AndroidManifest.xml:4:5-29
		INJECTED from src\main\AndroidManifest.xml
		INJECTED from src\main\AndroidManifest.xml
	android:versionName
		ADDED from src\main\AndroidManifest.xml:6:5-30
		INJECTED from src\main\AndroidManifest.xml
		INJECTED from src\main\AndroidManifest.xml
	xmlns:tools
		ADDED from src\main\AndroidManifest.xml:3:5-51
	android:versionCode
		ADDED from src\main\AndroidManifest.xml:5:5-28
		INJECTED from src\main\AndroidManifest.xml
		INJECTED from src\main\AndroidManifest.xml
	tools:ignore
		ADDED from src\main\AndroidManifest.xml:7:5-38
	xmlns:android
		ADDED from src\main\AndroidManifest.xml:2:11-69
uses-sdk
ADDED from src\main\AndroidManifest.xml:9:5-11:41
	android:targetSdkVersion
		ADDED from src\main\AndroidManifest.xml:11:9-38
		INJECTED from src\main\AndroidManifest.xml
		INJECTED from src\main\AndroidManifest.xml
	android:minSdkVersion
		ADDED from src\main\AndroidManifest.xml:10:9-34
		INJECTED from src\main\AndroidManifest.xml
		INJECTED from src\main\AndroidManifest.xml
uses-permission#android.permission.SET_WALLPAPER
ADDED from src\main\AndroidManifest.xml:13:5-72
	android:name
		ADDED from src\main\AndroidManifest.xml:13:22-69
uses-permission#android.permission.WAKE_LOCK
ADDED from src\main\AndroidManifest.xml:14:5-68
	android:name
		ADDED from src\main\AndroidManifest.xml:14:22-65
uses-permission#android.permission.INTERNET
ADDED from src\main\AndroidManifest.xml:15:5-67
	android:name
		ADDED from src\main\AndroidManifest.xml:15:22-64
uses-permission#android.permission.WRITE_EXTERNAL_STORAGE
ADDED from src\main\AndroidManifest.xml:16:5-80
	android:name
		ADDED from src\main\AndroidManifest.xml:16:22-78
application
ADDED from src\main\AndroidManifest.xml:18:5-113:19
	android:debuggable
		ADDED from src\main\AndroidManifest.xml:19:9-34
	android:icon
		ADDED from src\main\AndroidManifest.xml:20:9-45
activity#com.chhuang.ch.Welcome
ADDED from src\main\AndroidManifest.xml:21:9-29:20
	android:label
		ADDED from src\main\AndroidManifest.xml:23:13-45
	android:name
		ADDED from src\main\AndroidManifest.xml:22:13-36
intent-filter#android.intent.action.MAIN+android.intent.category.LAUNCHER
ADDED from src\main\AndroidManifest.xml:24:13-28:29
action#android.intent.action.MAIN
ADDED from src\main\AndroidManifest.xml:25:17-69
	android:name
		ADDED from src\main\AndroidManifest.xml:25:25-66
category#android.intent.category.LAUNCHER
ADDED from src\main\AndroidManifest.xml:27:17-77
	android:name
		ADDED from src\main\AndroidManifest.xml:27:27-74
activity#com.chhuang.ch.MainList
ADDED from src\main\AndroidManifest.xml:30:9-38:20
	android:label
		ADDED from src\main\AndroidManifest.xml:32:13-45
	android:name
		ADDED from src\main\AndroidManifest.xml:31:13-37
intent-filter#android.intent.category.DEFAULT+com.chhuang.ch.MENU
ADDED from src\main\AndroidManifest.xml:33:13-37:29
action#com.chhuang.ch.MENU
ADDED from src\main\AndroidManifest.xml:34:17-62
	android:name
		ADDED from src\main\AndroidManifest.xml:34:25-59
category#android.intent.category.DEFAULT
ADDED from src\main\AndroidManifest.xml:36:17-76
	android:name
		ADDED from src\main\AndroidManifest.xml:36:27-73
activity#com.chhuang.ch.AboutUs
ADDED from src\main\AndroidManifest.xml:39:9-48:20
	android:label
		ADDED from src\main\AndroidManifest.xml:41:13-45
	android:theme
		ADDED from src\main\AndroidManifest.xml:42:13-56
	android:name
		ADDED from src\main\AndroidManifest.xml:40:13-36
intent-filter#android.intent.category.DEFAULT+com.chhuang.ch.ABOUT
ADDED from src\main\AndroidManifest.xml:43:13-47:29
action#com.chhuang.ch.ABOUT
ADDED from src\main\AndroidManifest.xml:44:17-63
	android:name
		ADDED from src\main\AndroidManifest.xml:44:25-60
activity#com.chhuang.ch.Preferences
ADDED from src\main\AndroidManifest.xml:49:9-57:20
	android:label
		ADDED from src\main\AndroidManifest.xml:51:13-45
	android:name
		ADDED from src\main\AndroidManifest.xml:50:13-40
intent-filter#android.intent.category.DEFAULT+com.chhuang.ch.PREFS
ADDED from src\main\AndroidManifest.xml:52:13-56:29
action#com.chhuang.ch.PREFS
ADDED from src\main\AndroidManifest.xml:53:17-63
	android:name
		ADDED from src\main\AndroidManifest.xml:53:25-60
activity#com.chhuang.ch.SimpleCounter
ADDED from src\main\AndroidManifest.xml:58:9-62:20
	android:screenOrientation
		ADDED from src\main\AndroidManifest.xml:61:13-49
	android:label
		ADDED from src\main\AndroidManifest.xml:60:13-56
	android:name
		ADDED from src\main\AndroidManifest.xml:59:13-42
activity#com.chhuang.ch.TextPlay
ADDED from src\main\AndroidManifest.xml:63:9-66:20
	android:label
		ADDED from src\main\AndroidManifest.xml:65:13-51
	android:name
		ADDED from src\main\AndroidManifest.xml:64:13-37
activity#com.chhuang.ch.Email
ADDED from src\main\AndroidManifest.xml:67:9-70:20
	android:label
		ADDED from src\main\AndroidManifest.xml:69:13-51
	android:name
		ADDED from src\main\AndroidManifest.xml:68:13-34
activity#com.chhuang.ch.Camera
ADDED from src\main\AndroidManifest.xml:71:9-74:20
	android:label
		ADDED from src\main\AndroidManifest.xml:73:13-49
	android:name
		ADDED from src\main\AndroidManifest.xml:72:13-35
activity#com.chhuang.ch.SimpleQuestion
ADDED from src\main\AndroidManifest.xml:75:9-79:20
	android:label
		ADDED from src\main\AndroidManifest.xml:78:13-57
	android:configChanges
		ADDED from src\main\AndroidManifest.xml:77:13-48
	android:name
		ADDED from src\main\AndroidManifest.xml:76:13-43
activity#com.chhuang.ch.Questions
ADDED from src\main\AndroidManifest.xml:80:9-84:20
	android:label
		ADDED from src\main\AndroidManifest.xml:83:13-57
	android:configChanges
		ADDED from src\main\AndroidManifest.xml:82:13-48
	android:name
		ADDED from src\main\AndroidManifest.xml:81:13-38
activity#com.chhuang.ch.Graphics
ADDED from src\main\AndroidManifest.xml:85:9-88:20
	android:theme
		ADDED from src\main\AndroidManifest.xml:87:13-71
	android:name
		ADDED from src\main\AndroidManifest.xml:86:13-37
activity#com.chhuang.ch.GFXSurface
ADDED from src\main\AndroidManifest.xml:89:9-92:20
	android:theme
		ADDED from src\main\AndroidManifest.xml:91:13-71
	android:name
		ADDED from src\main\AndroidManifest.xml:90:13-39
activity#com.chhuang.ch.SoundStuff
ADDED from src\main\AndroidManifest.xml:93:9-96:20
	android:label
		ADDED from src\main\AndroidManifest.xml:95:13-29
	android:name
		ADDED from src\main\AndroidManifest.xml:94:13-39
activity#com.chhuang.ch.SliderExample
ADDED from src\main\AndroidManifest.xml:97:9-98:20
	android:name
		ADDED from src\main\AndroidManifest.xml:97:19-48
activity#com.chhuang.ch.TabsExample
ADDED from src\main\AndroidManifest.xml:99:9-100:20
	android:name
		ADDED from src\main\AndroidManifest.xml:99:19-46
activity#com.chhuang.ch.SimpleBrowser
ADDED from src\main\AndroidManifest.xml:101:9-104:20
	android:theme
		ADDED from src\main\AndroidManifest.xml:103:13-60
	android:name
		ADDED from src\main\AndroidManifest.xml:102:13-42
activity#com.chhuang.ch.FlipperExample
ADDED from src\main\AndroidManifest.xml:105:9-106:20
	android:name
		ADDED from src\main\AndroidManifest.xml:105:19-49
activity#com.chhuang.ch.DataSharedPrefsExample
ADDED from src\main\AndroidManifest.xml:107:9-108:20
	android:name
		ADDED from src\main\AndroidManifest.xml:107:19-57
activity#com.chhuang.ch.InternalDataExample
ADDED from src\main\AndroidManifest.xml:109:9-110:20
	android:name
		ADDED from src\main\AndroidManifest.xml:109:19-54
activity#com.chhuang.ch.ExternalDataExample
ADDED from src\main\AndroidManifest.xml:111:9-112:20
	android:name
		ADDED from src\main\AndroidManifest.xml:111:19-54